{"C:\\Users\\sudoGuy\\Downloads\\Ai Build\\CrisisDesk AI\\src\\app.js": {"path":"C:\\Users\\sudoGuy\\Downloads\\Ai Build\\CrisisDesk AI\\src\\app.js","statementMap":{"0":{"start":{"line":1,"column":16},"end":{"line":1,"column":34}},"1":{"start":{"line":2,"column":15},"end":{"line":2,"column":32}},"2":{"start":{"line":3,"column":13},"end":{"line":3,"column":28}},"3":{"start":{"line":4,"column":15},"end":{"line":4,"column":32}},"4":{"start":{"line":5,"column":18},"end":{"line":5,"column":47}},"5":{"start":{"line":6,"column":21},"end":{"line":6,"column":48}},"6":{"start":{"line":7,"column":21},"end":{"line":7,"column":53}},"7":{"start":{"line":8,"column":23},"end":{"line":8,"column":58}},"8":{"start":{"line":9,"column":42},"end":{"line":9,"column":78}},"9":{"start":{"line":11,"column":12},"end":{"line":11,"column":21}},"10":{"start":{"line":13,"column":0},"end":{"line":13,"column":18}},"11":{"start":{"line":14,"column":0},"end":{"line":14,"column":16}},"12":{"start":{"line":15,"column":0},"end":{"line":15,"column":29}},"13":{"start":{"line":16,"column":0},"end":{"line":16,"column":41}},"14":{"start":{"line":18,"column":0},"end":{"line":20,"column":1}},"15":{"start":{"line":19,"column":2},"end":{"line":19,"column":25}},"16":{"start":{"line":22,"column":0},"end":{"line":28,"column":3}},"17":{"start":{"line":23,"column":2},"end":{"line":27,"column":5}},"18":{"start":{"line":30,"column":0},"end":{"line":33,"column":4}},"19":{"start":{"line":35,"column":0},"end":{"line":35,"column":38}},"20":{"start":{"line":37,"column":0},"end":{"line":37,"column":25}},"21":{"start":{"line":38,"column":0},"end":{"line":38,"column":22}},"22":{"start":{"line":40,"column":0},"end":{"line":40,"column":21}}},"fnMap":{"0":{"name":"(anonymous_0)","decl":{"start":{"line":22,"column":19},"end":{"line":22,"column":20}},"loc":{"start":{"line":22,"column":33},"end":{"line":28,"column":1}},"line":22}},"branchMap":{"0":{"loc":{"start":{"line":18,"column":0},"end":{"line":20,"column":1}},"type":"if","locations":[{"start":{"line":18,"column":0},"end":{"line":20,"column":1}},{"start":{},"end":{}}],"line":18}},"s":{"0":1,"1":1,"2":1,"3":1,"4":1,"5":1,"6":1,"7":1,"8":1,"9":1,"10":1,"11":1,"12":1,"13":1,"14":1,"15":0,"16":1,"17":1,"18":1,"19":1,"20":1,"21":1,"22":1},"f":{"0":1},"b":{"0":[0,1]},"_coverageSchema":"1a1c01bbd47fc00a2c39e90264f33305004495a9","hash":"93c9f76243ff8449bd78e30210cce555f4a2df9d"}
,"C:\\Users\\sudoGuy\\Downloads\\Ai Build\\CrisisDesk AI\\src\\config\\db.js": {"path":"C:\\Users\\sudoGuy\\Downloads\\Ai Build\\CrisisDesk AI\\src\\config\\db.js","statementMap":{"0":{"start":{"line":1,"column":17},"end":{"line":1,"column":36}},"1":{"start":{"line":3,"column":18},"end":{"line":11,"column":1}},"2":{"start":{"line":4,"column":2},"end":{"line":10,"column":3}},"3":{"start":{"line":5,"column":17},"end":{"line":5,"column":62}},"4":{"start":{"line":6,"column":4},"end":{"line":6,"column":62}},"5":{"start":{"line":8,"column":4},"end":{"line":8,"column":65}},"6":{"start":{"line":9,"column":4},"end":{"line":9,"column":16}},"7":{"start":{"line":13,"column":0},"end":{"line":13,"column":27}}},"fnMap":{"0":{"name":"(anonymous_0)","decl":{"start":{"line":3,"column":18},"end":{"line":3,"column":19}},"loc":{"start":{"line":3,"column":30},"end":{"line":11,"column":1}},"line":3}},"branchMap":{},"s":{"0":1,"1":1,"2":1,"3":1,"4":1,"5":0,"6":0,"7":1},"f":{"0":1},"b":{},"_coverageSchema":"1a1c01bbd47fc00a2c39e90264f33305004495a9","hash":"6f4b05580bc027cb8b8c181c377378cd4f4eb40f"}
,"C:\\Users\\sudoGuy\\Downloads\\Ai Build\\CrisisDesk AI\\src\\config\\swagger.js": {"path":"C:\\Users\\sudoGuy\\Downloads\\Ai Build\\CrisisDesk AI\\src\\config\\swagger.js","statementMap":{"0":{"start":{"line":1,"column":21},"end":{"line":1,"column":45}},"1":{"start":{"line":3,"column":16},"end":{"line":44,"column":1}},"2":{"start":{"line":46,"column":0},"end":{"line":46,"column":39}}},"fnMap":{},"branchMap":{},"s":{"0":1,"1":1,"2":1},"f":{},"b":{},"_coverageSchema":"1a1c01bbd47fc00a2c39e90264f33305004495a9","hash":"6f36e466b37bd06b9e07d66fa80ce25afb76939e"}
,"C:\\Users\\sudoGuy\\Downloads\\Ai Build\\CrisisDesk AI\\src\\controllers\\reportController.js": {"path":"C:\\Users\\sudoGuy\\Downloads\\Ai Build\\CrisisDesk AI\\src\\controllers\\reportController.js","statementMap":{"0":{"start":{"line":1,"column":17},"end":{"line":1,"column":36}},"1":{"start":{"line":2,"column":15},"end":{"line":2,"column":42}},"2":{"start":{"line":3,"column":26},"end":{"line":3,"column":58}},"3":{"start":{"line":4,"column":34},"end":{"line":4,"column":73}},"4":{"start":{"line":6,"column":0},"end":{"line":44,"column":2}},"5":{"start":{"line":7,"column":2},"end":{"line":43,"column":3}},"6":{"start":{"line":8,"column":63},"end":{"line":8,"column":71}},"7":{"start":{"line":10,"column":19},"end":{"line":10,"column":74}},"8":{"start":{"line":12,"column":19},"end":{"line":24,"column":6}},"9":{"start":{"line":26,"column":21},"end":{"line":26,"column":56}},"10":{"start":{"line":27,"column":4},"end":{"line":27,"column":58}},"11":{"start":{"line":28,"column":4},"end":{"line":28,"column":54}},"12":{"start":{"line":30,"column":4},"end":{"line":30,"column":24}},"13":{"start":{"line":32,"column":4},"end":{"line":36,"column":7}},"14":{"start":{"line":38,"column":4},"end":{"line":38,"column":49}},"15":{"start":{"line":39,"column":4},"end":{"line":42,"column":7}},"16":{"start":{"line":46,"column":0},"end":{"line":92,"column":2}},"17":{"start":{"line":47,"column":2},"end":{"line":91,"column":1}},"18":{"start":{"line":48,"column":83},"end":{"line":48,"column":92}},"19":{"start":{"line":50,"column":16},"end":{"line":50,"column":18}},"20":{"start":{"line":52,"column":4},"end":{"line":52,"column":44}},"21":{"start":{"line":52,"column":18},"end":{"line":52,"column":44}},"22":{"start":{"line":53,"column":4},"end":{"line":53,"column":41}},"23":{"start":{"line":53,"column":17},"end":{"line":53,"column":41}},"24":{"start":{"line":54,"column":4},"end":{"line":54,"column":38}},"25":{"start":{"line":54,"column":16},"end":{"line":54,"column":38}},"26":{"start":{"line":56,"column":4},"end":{"line":60,"column":5}},"27":{"start":{"line":57,"column":6},"end":{"line":57,"column":27}},"28":{"start":{"line":58,"column":6},"end":{"line":58,"column":64}},"29":{"start":{"line":58,"column":21},"end":{"line":58,"column":64}},"30":{"start":{"line":59,"column":6},"end":{"line":59,"column":60}},"31":{"start":{"line":59,"column":19},"end":{"line":59,"column":60}},"32":{"start":{"line":62,"column":3},"end":{"line":67,"column":1}},"33":{"start":{"line":63,"column":2},"end":{"line":66,"column":4}},"34":{"start":{"line":70,"column":20},"end":{"line":70,"column":39}},"35":{"start":{"line":71,"column":21},"end":{"line":71,"column":42}},"36":{"start":{"line":72,"column":17},"end":{"line":72,"column":41}},"37":{"start":{"line":74,"column":20},"end":{"line":74,"column":95}},"38":{"start":{"line":75,"column":18},"end":{"line":75,"column":52}},"39":{"start":{"line":77,"column":4},"end":{"line":84,"column":7}},"40":{"start":{"line":86,"column":2},"end":{"line":86,"column":47}},"41":{"start":{"line":87,"column":2},"end":{"line":90,"column":5}},"42":{"start":{"line":94,"column":0},"end":{"line":109,"column":2}},"43":{"start":{"line":95,"column":2},"end":{"line":108,"column":3}},"44":{"start":{"line":96,"column":4},"end":{"line":98,"column":5}},"45":{"start":{"line":97,"column":6},"end":{"line":97,"column":85}},"46":{"start":{"line":100,"column":19},"end":{"line":100,"column":55}},"47":{"start":{"line":101,"column":4},"end":{"line":103,"column":5}},"48":{"start":{"line":102,"column":6},"end":{"line":102,"column":84}},"49":{"start":{"line":105,"column":4},"end":{"line":105,"column":58}},"50":{"start":{"line":107,"column":4},"end":{"line":107,"column":71}},"51":{"start":{"line":111,"column":0},"end":{"line":136,"column":2}},"52":{"start":{"line":112,"column":2},"end":{"line":135,"column":3}},"53":{"start":{"line":113,"column":4},"end":{"line":115,"column":5}},"54":{"start":{"line":114,"column":6},"end":{"line":114,"column":85}},"55":{"start":{"line":117,"column":23},"end":{"line":117,"column":31}},"56":{"start":{"line":118,"column":19},"end":{"line":122,"column":5}},"57":{"start":{"line":124,"column":4},"end":{"line":126,"column":5}},"58":{"start":{"line":125,"column":6},"end":{"line":125,"column":84}},"59":{"start":{"line":128,"column":4},"end":{"line":132,"column":7}},"60":{"start":{"line":134,"column":4},"end":{"line":134,"column":71}},"61":{"start":{"line":138,"column":0},"end":{"line":156,"column":2}},"62":{"start":{"line":139,"column":2},"end":{"line":155,"column":3}},"63":{"start":{"line":140,"column":4},"end":{"line":142,"column":5}},"64":{"start":{"line":141,"column":6},"end":{"line":141,"column":85}},"65":{"start":{"line":144,"column":19},"end":{"line":144,"column":64}},"66":{"start":{"line":145,"column":4},"end":{"line":147,"column":5}},"67":{"start":{"line":146,"column":6},"end":{"line":146,"column":84}},"68":{"start":{"line":149,"column":4},"end":{"line":152,"column":7}},"69":{"start":{"line":154,"column":4},"end":{"line":154,"column":71}},"70":{"start":{"line":158,"column":0},"end":{"line":187,"column":2}},"71":{"start":{"line":159,"column":2},"end":{"line":186,"column":3}},"72":{"start":{"line":160,"column":25},"end":{"line":160,"column":54}},"73":{"start":{"line":161,"column":28},"end":{"line":161,"column":80}},"74":{"start":{"line":162,"column":27},"end":{"line":162,"column":77}},"75":{"start":{"line":163,"column":28},"end":{"line":163,"column":79}},"76":{"start":{"line":165,"column":24},"end":{"line":165,"column":102}},"77":{"start":{"line":166,"column":23},"end":{"line":166,"column":100}},"78":{"start":{"line":168,"column":30},"end":{"line":168,"column":32}},"79":{"start":{"line":169,"column":4},"end":{"line":169,"column":93}},"80":{"start":{"line":169,"column":34},"end":{"line":169,"column":89}},"81":{"start":{"line":169,"column":48},"end":{"line":169,"column":89}},"82":{"start":{"line":171,"column":29},"end":{"line":171,"column":31}},"83":{"start":{"line":172,"column":4},"end":{"line":172,"column":91}},"84":{"start":{"line":172,"column":33},"end":{"line":172,"column":87}},"85":{"start":{"line":172,"column":47},"end":{"line":172,"column":87}},"86":{"start":{"line":174,"column":4},"end":{"line":182,"column":7}},"87":{"start":{"line":184,"column":4},"end":{"line":184,"column":25}},"88":{"start":{"line":185,"column":4},"end":{"line":185,"column":87}}},"fnMap":{"0":{"name":"(anonymous_0)","decl":{"start":{"line":6,"column":23},"end":{"line":6,"column":24}},"loc":{"start":{"line":6,"column":43},"end":{"line":44,"column":1}},"line":6},"1":{"name":"(anonymous_1)","decl":{"start":{"line":46,"column":21},"end":{"line":46,"column":22}},"loc":{"start":{"line":46,"column":41},"end":{"line":92,"column":1}},"line":46},"2":{"name":"(anonymous_2)","decl":{"start":{"line":94,"column":24},"end":{"line":94,"column":25}},"loc":{"start":{"line":94,"column":44},"end":{"line":109,"column":1}},"line":94},"3":{"name":"(anonymous_3)","decl":{"start":{"line":111,"column":29},"end":{"line":111,"column":30}},"loc":{"start":{"line":111,"column":49},"end":{"line":136,"column":1}},"line":111},"4":{"name":"(anonymous_4)","decl":{"start":{"line":138,"column":23},"end":{"line":138,"column":24}},"loc":{"start":{"line":138,"column":43},"end":{"line":156,"column":1}},"line":138},"5":{"name":"(anonymous_5)","decl":{"start":{"line":158,"column":26},"end":{"line":158,"column":27}},"loc":{"start":{"line":158,"column":46},"end":{"line":187,"column":1}},"line":158},"6":{"name":"(anonymous_6)","decl":{"start":{"line":169,"column":24},"end":{"line":169,"column":25}},"loc":{"start":{"line":169,"column":32},"end":{"line":169,"column":91}},"line":169},"7":{"name":"(anonymous_7)","decl":{"start":{"line":172,"column":23},"end":{"line":172,"column":24}},"loc":{"start":{"line":172,"column":31},"end":{"line":172,"column":89}},"line":172}},"branchMap":{"0":{"loc":{"start":{"line":10,"column":52},"end":{"line":10,"column":73}},"type":"binary-expr","locations":[{"start":{"line":10,"column":52},"end":{"line":10,"column":60}},{"start":{"line":10,"column":64},"end":{"line":10,"column":73}}],"line":10},"1":{"loc":{"start":{"line":13,"column":12},"end":{"line":13,"column":22}},"type":"binary-expr","locations":[{"start":{"line":13,"column":12},"end":{"line":13,"column":16}},{"start":{"line":13,"column":20},"end":{"line":13,"column":22}}],"line":13},"2":{"loc":{"start":{"line":14,"column":15},"end":{"line":14,"column":28}},"type":"binary-expr","locations":[{"start":{"line":14,"column":15},"end":{"line":14,"column":22}},{"start":{"line":14,"column":26},"end":{"line":14,"column":28}}],"line":14},"3":{"loc":{"start":{"line":17,"column":16},"end":{"line":17,"column":37}},"type":"binary-expr","locations":[{"start":{"line":17,"column":16},"end":{"line":17,"column":24}},{"start":{"line":17,"column":28},"end":{"line":17,"column":37}}],"line":17},"4":{"loc":{"start":{"line":52,"column":4},"end":{"line":52,"column":44}},"type":"if","locations":[{"start":{"line":52,"column":4},"end":{"line":52,"column":44}},{"start":{},"end":{}}],"line":52},"5":{"loc":{"start":{"line":53,"column":4},"end":{"line":53,"column":41}},"type":"if","locations":[{"start":{"line":53,"column":4},"end":{"line":53,"column":41}},{"start":{},"end":{}}],"line":53},"6":{"loc":{"start":{"line":54,"column":4},"end":{"line":54,"column":38}},"type":"if","locations":[{"start":{"line":54,"column":4},"end":{"line":54,"column":38}},{"start":{},"end":{}}],"line":54},"7":{"loc":{"start":{"line":56,"column":4},"end":{"line":60,"column":5}},"type":"if","locations":[{"start":{"line":56,"column":4},"end":{"line":60,"column":5}},{"start":{},"end":{}}],"line":56},"8":{"loc":{"start":{"line":56,"column":8},"end":{"line":56,"column":28}},"type":"binary-expr","locations":[{"start":{"line":56,"column":8},"end":{"line":56,"column":17}},{"start":{"line":56,"column":21},"end":{"line":56,"column":28}}],"line":56},"9":{"loc":{"start":{"line":58,"column":6},"end":{"line":58,"column":64}},"type":"if","locations":[{"start":{"line":58,"column":6},"end":{"line":58,"column":64}},{"start":{},"end":{}}],"line":58},"10":{"loc":{"start":{"line":59,"column":6},"end":{"line":59,"column":60}},"type":"if","locations":[{"start":{"line":59,"column":6},"end":{"line":59,"column":60}},{"start":{},"end":{}}],"line":59},"11":{"loc":{"start":{"line":62,"column":3},"end":{"line":67,"column":1}},"type":"if","locations":[{"start":{"line":62,"column":3},"end":{"line":67,"column":1}},{"start":{},"end":{}}],"line":62},"12":{"loc":{"start":{"line":70,"column":20},"end":{"line":70,"column":39}},"type":"binary-expr","locations":[{"start":{"line":70,"column":20},"end":{"line":70,"column":34}},{"start":{"line":70,"column":38},"end":{"line":70,"column":39}}],"line":70},"13":{"loc":{"start":{"line":71,"column":21},"end":{"line":71,"column":42}},"type":"binary-expr","locations":[{"start":{"line":71,"column":21},"end":{"line":71,"column":36}},{"start":{"line":71,"column":40},"end":{"line":71,"column":42}}],"line":71},"14":{"loc":{"start":{"line":96,"column":4},"end":{"line":98,"column":5}},"type":"if","locations":[{"start":{"line":96,"column":4},"end":{"line":98,"column":5}},{"start":{},"end":{}}],"line":96},"15":{"loc":{"start":{"line":101,"column":4},"end":{"line":103,"column":5}},"type":"if","locations":[{"start":{"line":101,"column":4},"end":{"line":103,"column":5}},{"start":{},"end":{}}],"line":101},"16":{"loc":{"start":{"line":113,"column":4},"end":{"line":115,"column":5}},"type":"if","locations":[{"start":{"line":113,"column":4},"end":{"line":115,"column":5}},{"start":{},"end":{}}],"line":113},"17":{"loc":{"start":{"line":124,"column":4},"end":{"line":126,"column":5}},"type":"if","locations":[{"start":{"line":124,"column":4},"end":{"line":126,"column":5}},{"start":{},"end":{}}],"line":124},"18":{"loc":{"start":{"line":140,"column":4},"end":{"line":142,"column":5}},"type":"if","locations":[{"start":{"line":140,"column":4},"end":{"line":142,"column":5}},{"start":{},"end":{}}],"line":140},"19":{"loc":{"start":{"line":145,"column":4},"end":{"line":147,"column":5}},"type":"if","locations":[{"start":{"line":145,"column":4},"end":{"line":147,"column":5}},{"start":{},"end":{}}],"line":145},"20":{"loc":{"start":{"line":169,"column":34},"end":{"line":169,"column":89}},"type":"if","locations":[{"start":{"line":169,"column":34},"end":{"line":169,"column":89}},{"start":{},"end":{}}],"line":169},"21":{"loc":{"start":{"line":172,"column":33},"end":{"line":172,"column":87}},"type":"if","locations":[{"start":{"line":172,"column":33},"end":{"line":172,"column":87}},{"start":{},"end":{}}],"line":172}},"s":{"0":1,"1":1,"2":1,"3":1,"4":1,"5":1,"6":1,"7":1,"8":1,"9":1,"10":1,"11":1,"12":1,"13":1,"14":0,"15":0,"16":1,"17":1,"18":1,"19":1,"20":1,"21":0,"22":1,"23":0,"24":1,"25":0,"26":1,"27":0,"28":0,"29":0,"30":0,"31":0,"32":1,"33":0,"34":1,"35":1,"36":1,"37":1,"38":1,"39":1,"40":0,"41":0,"42":1,"43":0,"44":0,"45":0,"46":0,"47":0,"48":0,"49":0,"50":0,"51":1,"52":0,"53":0,"54":0,"55":0,"56":0,"57":0,"58":0,"59":0,"60":0,"61":1,"62":0,"63":0,"64":0,"65":0,"66":0,"67":0,"68":0,"69":0,"70":1,"71":0,"72":0,"73":0,"74":0,"75":0,"76":0,"77":0,"78":0,"79":0,"80":0,"81":0,"82":0,"83":0,"84":0,"85":0,"86":0,"87":0,"88":0},"f":{"0":1,"1":1,"2":0,"3":0,"4":0,"5":0,"6":0,"7":0},"b":{"0":[1,0],"1":[1,0],"2":[1,0],"3":[1,0],"4":[0,1],"5":[0,1],"6":[0,1],"7":[0,1],"8":[1,1],"9":[0,0],"10":[0,0],"11":[0,1],"12":[1,1],"13":[1,1],"14":[0,0],"15":[0,0],"16":[0,0],"17":[0,0],"18":[0,0],"19":[0,0],"20":[0,0],"21":[0,0]},"_coverageSchema":"1a1c01bbd47fc00a2c39e90264f33305004495a9","hash":"4ee6f535e8edcaa693649a86f28394f88b1c13fc"}
,"C:\\Users\\sudoGuy\\Downloads\\Ai Build\\CrisisDesk AI\\src\\middleware\\auth.js": {"path":"C:\\Users\\sudoGuy\\Downloads\\Ai Build\\CrisisDesk AI\\src\\middleware\\auth.js","statementMap":{"0":{"start":{"line":1,"column":0},"end":{"line":19,"column":2}},"1":{"start":{"line":2,"column":17},"end":{"line":2,"column":47}},"2":{"start":{"line":4,"column":2},"end":{"line":9,"column":3}},"3":{"start":{"line":5,"column":4},"end":{"line":8,"column":7}},"4":{"start":{"line":11,"column":2},"end":{"line":16,"column":3}},"5":{"start":{"line":12,"column":4},"end":{"line":15,"column":7}},"6":{"start":{"line":18,"column":2},"end":{"line":18,"column":9}}},"fnMap":{"0":{"name":"(anonymous_0)","decl":{"start":{"line":1,"column":23},"end":{"line":1,"column":24}},"loc":{"start":{"line":1,"column":43},"end":{"line":19,"column":1}},"line":1}},"branchMap":{"0":{"loc":{"start":{"line":4,"column":2},"end":{"line":9,"column":3}},"type":"if","locations":[{"start":{"line":4,"column":2},"end":{"line":9,"column":3}},{"start":{},"end":{}}],"line":4},"1":{"loc":{"start":{"line":11,"column":2},"end":{"line":16,"column":3}},"type":"if","locations":[{"start":{"line":11,"column":2},"end":{"line":16,"column":3}},{"start":{},"end":{}}],"line":11}},"s":{"0":1,"1":0,"2":0,"3":0,"4":0,"5":0,"6":0},"f":{"0":0},"b":{"0":[0,0],"1":[0,0]},"_coverageSchema":"1a1c01bbd47fc00a2c39e90264f33305004495a9","hash":"d6f8fa2d781e3ea9da6cc0ad896f3ff10a2e3173"}
,"C:\\Users\\sudoGuy\\Downloads\\Ai Build\\CrisisDesk AI\\src\\middleware\\errorHandler.js": {"path":"C:\\Users\\sudoGuy\\Downloads\\Ai Build\\CrisisDesk AI\\src\\middleware\\errorHandler.js","statementMap":{"0":{"start":{"line":1,"column":0},"end":{"line":6,"column":2}},"1":{"start":{"line":2,"column":2},"end":{"line":5,"column":5}},"2":{"start":{"line":8,"column":0},"end":{"line":37,"column":2}},"3":{"start":{"line":9,"column":19},"end":{"line":9,"column":40}},"4":{"start":{"line":10,"column":16},"end":{"line":10,"column":54}},"5":{"start":{"line":12,"column":2},"end":{"line":15,"column":3}},"6":{"start":{"line":13,"column":4},"end":{"line":13,"column":21}},"7":{"start":{"line":14,"column":4},"end":{"line":14,"column":50}},"8":{"start":{"line":17,"column":2},"end":{"line":20,"column":3}},"9":{"start":{"line":18,"column":4},"end":{"line":18,"column":21}},"10":{"start":{"line":19,"column":4},"end":{"line":19,"column":47}},"11":{"start":{"line":22,"column":2},"end":{"line":26,"column":3}},"12":{"start":{"line":23,"column":4},"end":{"line":23,"column":21}},"13":{"start":{"line":24,"column":21},"end":{"line":24,"column":70}},"14":{"start":{"line":24,"column":58},"end":{"line":24,"column":69}},"15":{"start":{"line":25,"column":4},"end":{"line":25,"column":34}},"16":{"start":{"line":28,"column":2},"end":{"line":31,"column":3}},"17":{"start":{"line":29,"column":4},"end":{"line":29,"column":21}},"18":{"start":{"line":30,"column":4},"end":{"line":30,"column":38}},"19":{"start":{"line":33,"column":2},"end":{"line":36,"column":5}}},"fnMap":{"0":{"name":"(anonymous_0)","decl":{"start":{"line":1,"column":26},"end":{"line":1,"column":27}},"loc":{"start":{"line":1,"column":46},"end":{"line":6,"column":1}},"line":1},"1":{"name":"(anonymous_1)","decl":{"start":{"line":8,"column":23},"end":{"line":8,"column":24}},"loc":{"start":{"line":8,"column":48},"end":{"line":37,"column":1}},"line":8},"2":{"name":"(anonymous_2)","decl":{"start":{"line":24,"column":51},"end":{"line":24,"column":52}},"loc":{"start":{"line":24,"column":58},"end":{"line":24,"column":69}},"line":24}},"branchMap":{"0":{"loc":{"start":{"line":9,"column":19},"end":{"line":9,"column":40}},"type":"binary-expr","locations":[{"start":{"line":9,"column":19},"end":{"line":9,"column":33}},{"start":{"line":9,"column":37},"end":{"line":9,"column":40}}],"line":9},"1":{"loc":{"start":{"line":10,"column":16},"end":{"line":10,"column":54}},"type":"binary-expr","locations":[{"start":{"line":10,"column":16},"end":{"line":10,"column":27}},{"start":{"line":10,"column":31},"end":{"line":10,"column":54}}],"line":10},"2":{"loc":{"start":{"line":12,"column":2},"end":{"line":15,"column":3}},"type":"if","locations":[{"start":{"line":12,"column":2},"end":{"line":15,"column":3}},{"start":{},"end":{}}],"line":12},"3":{"loc":{"start":{"line":17,"column":2},"end":{"line":20,"column":3}},"type":"if","locations":[{"start":{"line":17,"column":2},"end":{"line":20,"column":3}},{"start":{},"end":{}}],"line":17},"4":{"loc":{"start":{"line":22,"column":2},"end":{"line":26,"column":3}},"type":"if","locations":[{"start":{"line":22,"column":2},"end":{"line":26,"column":3}},{"start":{},"end":{}}],"line":22},"5":{"loc":{"start":{"line":28,"column":2},"end":{"line":31,"column":3}},"type":"if","locations":[{"start":{"line":28,"column":2},"end":{"line":31,"column":3}},{"start":{},"end":{}}],"line":28},"6":{"loc":{"start":{"line":28,"column":6},"end":{"line":28,"column":71}},"type":"binary-expr","locations":[{"start":{"line":28,"column":6},"end":{"line":28,"column":32}},{"start":{"line":28,"column":36},"end":{"line":28,"column":54}},{"start":{"line":28,"column":58},"end":{"line":28,"column":71}}],"line":28}},"s":{"0":1,"1":0,"2":1,"3":0,"4":0,"5":0,"6":0,"7":0,"8":0,"9":0,"10":0,"11":0,"12":0,"13":0,"14":0,"15":0,"16":0,"17":0,"18":0,"19":0},"f":{"0":0,"1":0,"2":0},"b":{"0":[0,0],"1":[0,0],"2":[0,0],"3":[0,0],"4":[0,0],"5":[0,0],"6":[0,0,0]},"_coverageSchema":"1a1c01bbd47fc00a2c39e90264f33305004495a9","hash":"0af1d6cc3cba9c608eb4e8996b73cf166885f651"}
,"C:\\Users\\sudoGuy\\Downloads\\Ai Build\\CrisisDesk AI\\src\\middleware\\rateLimiter.js": {"path":"C:\\Users\\sudoGuy\\Downloads\\Ai Build\\CrisisDesk AI\\src\\middleware\\rateLimiter.js","statementMap":{"0":{"start":{"line":1,"column":18},"end":{"line":1,"column":47}},"1":{"start":{"line":3,"column":0},"end":{"line":12,"column":3}},"2":{"start":{"line":14,"column":0},"end":{"line":21,"column":3}}},"fnMap":{},"branchMap":{},"s":{"0":1,"1":1,"2":1},"f":{},"b":{},"_coverageSchema":"1a1c01bbd47fc00a2c39e90264f33305004495a9","hash":"7d2a465438bf288af94c66e8a8de8f475dd8cfb2"}
,"C:\\Users\\sudoGuy\\Downloads\\Ai Build\\CrisisDesk AI\\src\\middleware\\validateRequest.js": {"path":"C:\\Users\\sudoGuy\\Downloads\\Ai Build\\CrisisDesk AI\\src\\middleware\\validateRequest.js","statementMap":{"0":{"start":{"line":1,"column":14},"end":{"line":1,"column":28}},"1":{"start":{"line":3,"column":21},"end":{"line":9,"column":2}},"2":{"start":{"line":11,"column":27},"end":{"line":13,"column":2}},"3":{"start":{"line":15,"column":20},"end":{"line":24,"column":2}},"4":{"start":{"line":26,"column":0},"end":{"line":38,"column":2}},"5":{"start":{"line":27,"column":2},"end":{"line":37,"column":3}},"6":{"start":{"line":28,"column":4},"end":{"line":28,"column":33}},"7":{"start":{"line":29,"column":4},"end":{"line":29,"column":11}},"8":{"start":{"line":31,"column":19},"end":{"line":31,"column":89}},"9":{"start":{"line":31,"column":40},"end":{"line":31,"column":87}},"10":{"start":{"line":32,"column":4},"end":{"line":36,"column":7}},"11":{"start":{"line":40,"column":0},"end":{"line":50,"column":2}},"12":{"start":{"line":41,"column":2},"end":{"line":49,"column":3}},"13":{"start":{"line":42,"column":4},"end":{"line":42,"column":39}},"14":{"start":{"line":43,"column":4},"end":{"line":43,"column":11}},"15":{"start":{"line":45,"column":4},"end":{"line":48,"column":7}},"16":{"start":{"line":52,"column":0},"end":{"line":62,"column":2}},"17":{"start":{"line":53,"column":2},"end":{"line":61,"column":3}},"18":{"start":{"line":54,"column":4},"end":{"line":54,"column":33}},"19":{"start":{"line":55,"column":4},"end":{"line":55,"column":11}},"20":{"start":{"line":57,"column":4},"end":{"line":60,"column":7}}},"fnMap":{"0":{"name":"(anonymous_0)","decl":{"start":{"line":26,"column":31},"end":{"line":26,"column":32}},"loc":{"start":{"line":26,"column":51},"end":{"line":38,"column":1}},"line":26},"1":{"name":"(anonymous_1)","decl":{"start":{"line":31,"column":34},"end":{"line":31,"column":35}},"loc":{"start":{"line":31,"column":40},"end":{"line":31,"column":87}},"line":31},"2":{"name":"(anonymous_2)","decl":{"start":{"line":40,"column":31},"end":{"line":40,"column":32}},"loc":{"start":{"line":40,"column":51},"end":{"line":50,"column":1}},"line":40},"3":{"name":"(anonymous_3)","decl":{"start":{"line":52,"column":30},"end":{"line":52,"column":31}},"loc":{"start":{"line":52,"column":50},"end":{"line":62,"column":1}},"line":52}},"branchMap":{},"s":{"0":1,"1":1,"2":1,"3":1,"4":1,"5":2,"6":2,"7":1,"8":1,"9":1,"10":1,"11":1,"12":0,"13":0,"14":0,"15":0,"16":1,"17":1,"18":1,"19":1,"20":0},"f":{"0":2,"1":1,"2":0,"3":1},"b":{},"_coverageSchema":"1a1c01bbd47fc00a2c39e90264f33305004495a9","hash":"53cce0f6a2275f821d10dc98db72fed3b72b215a"}
,"C:\\Users\\sudoGuy\\Downloads\\Ai Build\\CrisisDesk AI\\src\\models\\Report.js": {"path":"C:\\Users\\sudoGuy\\Downloads\\Ai Build\\CrisisDesk AI\\src\\models\\Report.js","statementMap":{"0":{"start":{"line":1,"column":17},"end":{"line":1,"column":36}},"1":{"start":{"line":3,"column":21},"end":{"line":40,"column":2}},"2":{"start":{"line":34,"column":6},"end":{"line":34,"column":23}},"3":{"start":{"line":35,"column":6},"end":{"line":35,"column":21}},"4":{"start":{"line":36,"column":6},"end":{"line":36,"column":21}},"5":{"start":{"line":37,"column":6},"end":{"line":37,"column":17}},"6":{"start":{"line":45,"column":0},"end":{"line":45,"column":59}},"7":{"start":{"line":46,"column":0},"end":{"line":46,"column":38}},"8":{"start":{"line":48,"column":0},"end":{"line":48,"column":56}}},"fnMap":{"0":{"name":"(anonymous_0)","decl":{"start":{"line":33,"column":15},"end":{"line":33,"column":16}},"loc":{"start":{"line":33,"column":34},"end":{"line":38,"column":5}},"line":33}},"branchMap":{},"s":{"0":1,"1":1,"2":22,"3":22,"4":22,"5":22,"6":1,"7":1,"8":1},"f":{"0":22},"b":{},"_coverageSchema":"1a1c01bbd47fc00a2c39e90264f33305004495a9","hash":"14bc979923b44f48df14a9e7c9b66840cb601d8a"}
,"C:\\Users\\sudoGuy\\Downloads\\Ai Build\\CrisisDesk AI\\src\\routes\\reportRoutes.js": {"path":"C:\\Users\\sudoGuy\\Downloads\\Ai Build\\CrisisDesk AI\\src\\routes\\reportRoutes.js","statementMap":{"0":{"start":{"line":1,"column":16},"end":{"line":1,"column":34}},"1":{"start":{"line":2,"column":15},"end":{"line":2,"column":31}},"2":{"start":{"line":6,"column":4},"end":{"line":6,"column":46}},"3":{"start":{"line":10,"column":4},"end":{"line":10,"column":44}},"4":{"start":{"line":12,"column":25},"end":{"line":12,"column":54}},"5":{"start":{"line":13,"column":26},"end":{"line":13,"column":62}},"6":{"start":{"line":25,"column":0},"end":{"line":25,"column":46}},"7":{"start":{"line":43,"column":0},"end":{"line":43,"column":53}},"8":{"start":{"line":55,"column":0},"end":{"line":55,"column":49}},"9":{"start":{"line":57,"column":0},"end":{"line":57,"column":34}},"10":{"start":{"line":84,"column":0},"end":{"line":84,"column":99}},"11":{"start":{"line":105,"column":0},"end":{"line":105,"column":65}},"12":{"start":{"line":107,"column":0},"end":{"line":107,"column":24}}},"fnMap":{},"branchMap":{},"s":{"0":1,"1":1,"2":1,"3":1,"4":1,"5":1,"6":1,"7":1,"8":1,"9":1,"10":1,"11":1,"12":1},"f":{},"b":{},"_coverageSchema":"1a1c01bbd47fc00a2c39e90264f33305004495a9","hash":"c6a924ef1f5cc16d094c73eab88a31f95eb4aca8"}
}
